Arguments: 
  C:\Program Files\nodejs\node.exe C:\Program Files (x86)\Yarn\bin\yarn.js install

PATH: 
  C:\ProgramData\Oracle\Java\javapath;C:\Windows\system32;C:\Windows;C:\Windows\System32\Wbem;C:\Windows\System32\WindowsPowerShell\v1.0\;C:\Program Files\Git\cmd;C:\Program Files (x86)\FontForgeBuilds\bin;C:\Python27;C:\mongodb\bin;C:\Program Files\Java\jdk1.8.0_131\bin;C:\Program Files (x86)\Yarn\bin;C:\Program Files\PuTTY\;C:\Users\yofi2tofi\AppData\Roaming\nvm;C:\Program Files\nodejs;C:\UnxUtils\usr\local\wbin;C:\Program Files (x86)\PuTTY\;C:\Program Files\dotnet\;C:\Users\yofi2tofi\AppData\Roaming\npm;C:\Users\yofi2tofi\AppData\Local\Yarn\bin;C:\Users\yofi2tofi\AppData\Local\GitHubDesktop\bin;C:\Users\yofi2tofi\AppData\Roaming\nvm;C:\Program Files\nodejs;C:\Program Files\Microsoft VS Code\bin;C:\Program Files\Docker Toolbox

Yarn version: 
  1.3.2

Node version: 
  7.9.0

Platform: 
  win32 x64

npm manifest: 
  {
    "name": "electron-quick-start",
    "version": "1.0.0",
    "description": "A minimal Electron application",
    "main": "main.js",
    "scripts": {
      "start": "electron ."
    },
    "repository": "https://github.com/electron/electron-quick-start",
    "keywords": [
      "Electron",
      "quick",
      "start",
      "tutorial",
      "demo"
    ],
    "license": "CC0-1.0",
    "dependencies": {
      "cheerio": "^0.22.0",
      "connect": "^3.6.0",
      "needle": "^1.4.3",
      "tress": "^1.0.3"
    },
    "devDependencies": {
      "electron": "~1.6.2"
    }
  }

yarn manifest: 
  No manifest

Lockfile: 
  No lockfile

Trace: 
  Error: http://npmjs.pik.ru/home-path: Parse Error
      at Socket.socketOnData (_http_client.js:411:20)
      at emitOne (events.js:96:13)
      at Socket.emit (events.js:191:7)
      at readableAddChunk (_stream_readable.js:178:18)
      at Socket.Readable.push (_stream_readable.js:136:10)
      at TCP.onread (net.js:560:20)
